<?xml version="1.0" encoding="UTF-8" standalone="no"?>
<fileLog>
<createdFiles>
<entry name="jre\lib\fontconfig.bfc" shared="false" uninstallMode="3"/>
<entry name="jre\lib\zi\SystemV\CST6" shared="false" uninstallMode="3"/>
<entry name="jre\bin\mlib_image.dll" shared="false" uninstallMode="3"/>
<entry name="jre\lib\fonts\LucidaSansDemiBold.ttf" shared="false" uninstallMode="3"/>
<entry name="jre\lib\zi\Atlantic\Faroe" shared="false" uninstallMode="3"/>
<entry name="jre\lib\zi\Antarctica\Macquarie" shared="false" uninstallMode="3"/>
<entry name="jre\lib\zi\Asia\Taipei" shared="false" uninstallMode="3"/>
<entry name="jre\lib\zi\America\Detroit" shared="false" uninstallMode="3"/>
<entry name="licences\wsdl4j-LICENSE.html" shared="false" uninstallMode="0"/>
<entry name="jre\bin\javafx-iio.dll" shared="false" uninstallMode="3"/>
<entry name="lib\flex-messaging-common-1.0.jar" shared="false" uninstallMode="0"/>
<entry name="jre\lib\zi\Asia\Anadyr" shared="false" uninstallMode="3"/>
<entry name="jre\lib\ext\meta-index" shared="false" uninstallMode="3"/>
<entry name="jre\lib\deploy\messages_pt_BR.properties" shared="false" uninstallMode="3"/>
<entry name="jre\lib\management-agent.jar" shared="false" uninstallMode="3"/>
<entry name="wsi-test-tools\analyzerV10.bat" shared="false" uninstallMode="0"/>
<entry name="jre\lib\zi\Europe\Budapest" shared="false" uninstallMode="3"/>
<entry name="jre\bin\server\classes.jsa" shared="false" uninstallMode="0"/>
<entry name="jre\lib\zi\Europe\Gibraltar" shared="false" uninstallMode="3"/>
<entry name="jre\lib\zi\Australia\Lord_Howe" shared="false" uninstallMode="3"/>
<entry name=".install4j\i4j_extf_9_hs6ad0_1sxzjn7.png" shared="false" uninstallMode="2"/>
<entry name="jre\lib\zi\Pacific\Chuuk" shared="false" uninstallMode="3"/>
<entry name="jre\lib\zi\Asia\Damascus" shared="false" uninstallMode="3"/>
<entry name="jre\lib\zi\Africa\Khartoum" shared="false" uninstallMode="3"/>
<entry name="jre\lib\zi\America\Hermosillo" shared="false" uninstallMode="3"/>
<entry name="C:\Users\AnkitaW\.soapuios\plugins\soapui-swagger-plugin-2.2-dist.jar" shared="false" uninstallMode="0"/>
<entry name="lib\flex-messaging-opt-1.0.jar" shared="false" uninstallMode="0"/>
<entry name="jre\lib\zi\Africa\Blantyre" shared="false" uninstallMode="3"/>
<entry name="jre\lib\zi\Africa\Bissau" shared="false" uninstallMode="3"/>
<entry name="jre\lib\zi\Asia\Pontianak" shared="false" uninstallMode="3"/>
<entry name="jre\lib\zi\Africa\Kinshasa" shared="false" uninstallMode="3"/>
<entry name="jre\bin\jpishare.dll" shared="false" uninstallMode="3"/>
<entry name="jre\lib\zi\America\Caracas" shared="false" uninstallMode="3"/>
<entry name="jre\lib\zi\Asia\Rangoon" shared="false" uninstallMode="3"/>
<entry name="jre\lib\zi\Asia\Baghdad" shared="false" uninstallMode="3"/>
<entry name="jre\lib\zi\America\Santa_Isabel" shared="false" uninstallMode="3"/>
<entry name="jre\lib\zi\Asia\Karachi" shared="false" uninstallMode="3"/>
<entry name="jre\lib\zi\Etc\GMT-9" shared="false" uninstallMode="3"/>
<entry name="jre\lib\deploy\ffjcext.zip" shared="false" uninstallMode="3"/>
<entry name="jre\lib\zi\America\Argentina\Cordoba" shared="false" uninstallMode="3"/>
<entry name="bin\soapui.log" shared="false" uninstallMode="0"/>
<entry name="jre\lib\zi\Asia\Kuching" shared="false" uninstallMode="3"/>
<entry name="jre\lib\zi\America\Santiago" shared="false" uninstallMode="3"/>
<entry name="jre\lib\zi\America\Indiana\Knox" shared="false" uninstallMode="3"/>
<entry name="jre\bin\unpack200.exe" shared="false" uninstallMode="3"/>
<entry name="tempHermes\hermesInstallMAC.sh" shared="false" uninstallMode="0"/>
<entry name="SoapUI-Tutorials\popular-apis\Google-Maps-soapui-project.xml" shared="false" uninstallMode="0"/>
<entry name="jre\lib\zi\America\Grand_Turk" shared="false" uninstallMode="3"/>
<entry name="jre\bin\dt_socket.dll" shared="false" uninstallMode="3"/>
<entry name="jre\lib\zi\America\Argentina\Jujuy" shared="false" uninstallMode="3"/>
<entry name="jre\lib\zi\MST7MDT" shared="false" uninstallMode="3"/>
<entry name="lib\commons-lang-2.4.jar" shared="false" uninstallMode="0"/>
<entry name="jre\lib\deploy\jqs\jqsmessages.properties" shared="false" uninstallMode="3"/>
<entry name="jre\lib\zi\Africa\Banjul" shared="false" uninstallMode="3"/>
<entry name="jre\lib\zi\America\Thunder_Bay" shared="false" uninstallMode="3"/>
<entry name="jre\lib\zi\Africa\Mogadishu" shared="false" uninstallMode="3"/>
<entry name="jre\lib\zi\America\Halifax" shared="false" uninstallMode="3"/>
<entry name="lib\google-oauth-client-1.21.0.jar" shared="false" uninstallMode="0"/>
<entry name="C:\Users\AnkitaW\.soapuios\plugins\ready-mqtt-plugin-dist.jar" shared="false" uninstallMode="0"/>
<entry name="licences\commons-httpclient-LICENSE.txt" shared="false" uninstallMode="0"/>
<entry name="licences\opensaml-LICENSE.txt" shared="false" uninstallMode="0"/>
<entry name="jre\lib\zi\Pacific\Wallis" shared="false" uninstallMode="3"/>
<entry name="lib\javassist-3.16.1-GA.jar" shared="false" uninstallMode="0"/>
<entry name="jre\lib\zi\America\Puerto_Rico" shared="false" uninstallMode="3"/>
<entry name="jre\lib\zi\America\Sitka" shared="false" uninstallMode="3"/>
<entry name="lib\serializer-2.7.1.jar" shared="false" uninstallMode="0"/>
<entry name="jre\lib\zi\Pacific\Noumea" shared="false" uninstallMode="3"/>
<entry name="jre\bin\glass.dll" shared="false" uninstallMode="3"/>
<entry name="jre\lib\zi\America\Mazatlan" shared="false" uninstallMode="3"/>
<entry name="jre\lib\zi\America\Montreal" shared="false" uninstallMode="3"/>
<entry name="jre\lib\zi\Pacific\Port_Moresby" shared="false" uninstallMode="3"/>
<entry name="jre\lib\tzmappings" shared="false" uninstallMode="3"/>
<entry name="jre\bin\sunec.dll" shared="false" uninstallMode="3"/>
<entry name="C:\Users\AnkitaW\SoapUI-Tutorials\WSDL-WADL\sample-service.wadl" shared="false" uninstallMode="0"/>
<entry name="jre\lib\zi\Etc\GMT+9" shared="false" uninstallMode="3"/>
<entry name="tempHermes\hermesInstall64bit.bat" shared="false" uninstallMode="0"/>
<entry name="jre\lib\zi\Africa\Douala" shared="false" uninstallMode="3"/>
<entry name="jre\lib\zi\Etc\GMT+7" shared="false" uninstallMode="3"/>
<entry name="jre\lib\images\cursors\win32_CopyNoDrop32x32.gif" shared="false" uninstallMode="3"/>
<entry name="jre\lib\zi\Etc\GMT+8" shared="false" uninstallMode="3"/>
<entry name="jre\lib\zi\Pacific\Galapagos" shared="false" uninstallMode="3"/>
<entry name="licences\blazeds-LICENSE.txt" shared="false" uninstallMode="0"/>
<entry name="licences\commons-beanutils-LICENSE.txt" shared="false" uninstallMode="0"/>
<entry name="jre\lib\fonts\LucidaBrightDemiItalic.ttf" shared="false" uninstallMode="3"/>
<entry name="jre\lib\images\cursors\win32_LinkDrop32x32.gif" shared="false" uninstallMode="3"/>
<entry name="jre\lib\zi\Asia\Kabul" shared="false" uninstallMode="3"/>
<entry name="jre\lib\zi\Etc\GMT-2" shared="false" uninstallMode="3"/>
<entry name="jre\lib\zi\Etc\GMT-1" shared="false" uninstallMode="3"/>
<entry name="jre\lib\zi\Etc\GMT-4" shared="false" uninstallMode="3"/>
<entry name="jre\lib\zi\Etc\GMT-3" shared="false" uninstallMode="3"/>
<entry name="jre\lib\zi\America\Juneau" shared="false" uninstallMode="3"/>
<entry name="jre\lib\zi\Etc\GMT-6" shared="false" uninstallMode="3"/>
<entry name="jre\lib\zi\Etc\GMT-5" shared="false" uninstallMode="3"/>
<entry name="jre\lib\zi\Etc\GMT-8" shared="false" uninstallMode="3"/>
<entry name="jre\lib\zi\Etc\GMT-7" shared="false" uninstallMode="3"/>
<entry name="jre\lib\zi\America\Nome" shared="false" uninstallMode="3"/>
<entry name="jre\bin\client\classes.jsa" shared="false" uninstallMode="0"/>
<entry name="jre\lib\zi\America\Kentucky\Louisville" shared="false" uninstallMode="3"/>
<entry name="jre\bin\jfxwebkit.dll" shared="false" uninstallMode="3"/>
<entry name="wsi-test-tools\README_bsp11.txt" shared="false" uninstallMode="0"/>
<entry name="jre\lib\management\management.properties" shared="false" uninstallMode="3"/>
<entry name="jre\lib\zi\Europe\Simferopol" shared="false" uninstallMode="3"/>
<entry name="jre\lib\zi\America\Argentina\Rio_Gallegos" shared="false" uninstallMode="3"/>
<entry name="lib\xbean-fixed-2.4.0.jar" shared="false" uninstallMode="0"/>
<entry name="licences\ezmorph-LICENSE.txt" shared="false" uninstallMode="0"/>
<entry name=".install4j\stats.properties" shared="false" uninstallMode="2"/>
<entry name="jre\lib\zi\Asia\Ho_Chi_Minh" shared="false" uninstallMode="3"/>
<entry name="jre\bin\tnameserv.exe" shared="false" uninstallMode="3"/>
<entry name="JavaDoc.url" shared="false" uninstallMode="0"/>
<entry name="jre\release" shared="false" uninstallMode="3"/>
<entry name="lib\jsr173_api-1.0.jar" shared="false" uninstallMode="0"/>
<entry name="jre\bin\verify.dll" shared="false" uninstallMode="3"/>
<entry name="jre\lib\zi\Pacific\Tongatapu" shared="false" uninstallMode="3"/>
<entry name="jre\bin\unpack.dll" shared="false" uninstallMode="3"/>
<entry name="licences\swingx-LICENSE.txt" shared="false" uninstallMode="0"/>
<entry name="licences\saxon-LICENSE.txt" shared="false" uninstallMode="0"/>
<entry name="jre\lib\zi\America\Pangnirtung" shared="false" uninstallMode="3"/>
<entry name="jre\bin\msvcr100.dll" shared="false" uninstallMode="3"/>
<entry name="jre\lib\zi\America\Eirunepe" shared="false" uninstallMode="3"/>
<entry name="licences\xalan-LICENSE.txt" shared="false" uninstallMode="0"/>
<entry name="jre\lib\zi\Etc\GMT+4" shared="false" uninstallMode="3"/>
<entry name="licences\myswing-LICENSE.txt" shared="false" uninstallMode="0"/>
<entry name="jre\lib\zi\Etc\GMT+3" shared="false" uninstallMode="3"/>
<entry name="jre\lib\zi\Etc\GMT+6" shared="false" uninstallMode="3"/>
<entry name="jre\lib\zi\Etc\GMT+5" shared="false" uninstallMode="3"/>
<entry name="jre\lib\zi\Etc\GMT+2" shared="false" uninstallMode="3"/>
<entry name="jre\lib\zi\Etc\GMT+1" shared="false" uninstallMode="3"/>
<entry name="wsi-test-tools\log-bsp11.xml" shared="false" uninstallMode="0"/>
<entry name="jre\bin\hprof.dll" shared="false" uninstallMode="3"/>
<entry name="jre\lib\ext\sunpkcs11.jar" shared="false" uninstallMode="3"/>
<entry name="jre\lib\zi\Atlantic\Stanley" shared="false" uninstallMode="3"/>
<entry name="jre\lib\zi\America\Yakutat" shared="false" uninstallMode="3"/>
<entry name="lib\wss4j-1.6.16.jar" shared="false" uninstallMode="0"/>
<entry name="jre\lib\zi\EST5EDT" shared="false" uninstallMode="3"/>
<entry name="jre\lib\zi\America\Metlakatla" shared="false" uninstallMode="3"/>
<entry name="jre\lib\zi\America\Cambridge_Bay" shared="false" uninstallMode="3"/>
<entry name="jre\lib\zi\America\Argentina\La_Rioja" shared="false" uninstallMode="3"/>
<entry name="jre\bin\j2pcsc.dll" shared="false" uninstallMode="3"/>
<entry name="jre\lib\zi\Asia\Choibalsan" shared="false" uninstallMode="3"/>
<entry name="jre\lib\deploy\messages_fr.properties" shared="false" uninstallMode="3"/>
<entry name="jre\bin\client\Xusage.txt" shared="false" uninstallMode="3"/>
<entry name="wsi-test-tools\analyzer-config-sample.xml" shared="false" uninstallMode="0"/>
<entry name="lib\jcifs-1.2.9.jar" shared="false" uninstallMode="0"/>
<entry name="jre\lib\zi\Europe\Vienna" shared="false" uninstallMode="3"/>
<entry name="jre\lib\security\US_export_policy.jar" shared="false" uninstallMode="3"/>
<entry name="licences\activation-LICENSE.txt" shared="false" uninstallMode="0"/>
<entry name=".install4j\i4j_extf_7_hs6ad0_1jsmgym.png" shared="false" uninstallMode="2"/>
<entry name="jre\lib\zi\America\North_Dakota\Beulah" shared="false" uninstallMode="3"/>
<entry name="wsi-test-tools\bpLog.xml" shared="false" uninstallMode="0"/>
<entry name="jre\LICENSE" shared="false" uninstallMode="3"/>
<entry name=".install4j\SoapUIUpdater.exe" shared="false" uninstallMode="0"/>
<entry name="jre\lib\zi\Asia\Ust-Nera" shared="false" uninstallMode="3"/>
<entry name="jre\lib\cmm\LINEAR_RGB.pf" shared="false" uninstallMode="3"/>
<entry name="jre\lib\zi\Pacific\Pitcairn" shared="false" uninstallMode="3"/>
<entry name="jre\lib\zi\Indian\Mahe" shared="false" uninstallMode="3"/>
<entry name="lib\xmlpublic-2.4.0.jar" shared="false" uninstallMode="0"/>
<entry name="jre\lib\ext\sunmscapi.jar" shared="false" uninstallMode="3"/>
<entry name=".install4j\inst_jre.cfg" shared="false" uninstallMode="0"/>
<entry name="jre\lib\zi\Asia\Bishkek" shared="false" uninstallMode="3"/>
<entry name="jre\lib\zi\Asia\Khandyga" shared="false" uninstallMode="3"/>
<entry name="jre\lib\zi\Pacific\Kwajalein" shared="false" uninstallMode="3"/>
<entry name="C:\Users\AnkitaW\SoapUI-Tutorials\WSDL-WADL\sample-service.wsdl" shared="false" uninstallMode="0"/>
<entry name="licences\proxy-vole-LICENSE.txt" shared="false" uninstallMode="0"/>
<entry name="jre\lib\zi\America\St_Johns" shared="false" uninstallMode="3"/>
<entry name="jre\lib\zi\Pacific\Enderbury" shared="false" uninstallMode="3"/>
<entry name="licences\mydoggy-LICENSE.txt" shared="false" uninstallMode="0"/>
<entry name=".install4j\i4j_extf_8_hs6ad0_cwz6mn.png" shared="false" uninstallMode="2"/>
<entry name="jre\lib\zi\Asia\Dubai" shared="false" uninstallMode="3"/>
<entry name="jre\lib\zi\SystemV\EST5" shared="false" uninstallMode="3"/>
<entry name=".install4j\i4jparams.conf" shared="false" uninstallMode="2"/>
<entry name="wsi-test-tools\analyzerV10.sh" shared="false" uninstallMode="0"/>
<entry name="jre\bin\rmid.exe" shared="false" uninstallMode="3"/>
<entry name="jre\bin\kinit.exe" shared="false" uninstallMode="3"/>
<entry name="lib\commons-httpclient-3.1.jar" shared="false" uninstallMode="0"/>
<entry name="jre\lib\zi\EET" shared="false" uninstallMode="3"/>
<entry name="jre\lib\zi\SystemV\PST8PDT" shared="false" uninstallMode="3"/>
<entry name="jre\lib\zi\Africa\Luanda" shared="false" uninstallMode="3"/>
<entry name=".install4j\autoUninstall.0" shared="false" uninstallMode="0"/>
<entry name="lib\log4j-1.2.14.jar" shared="false" uninstallMode="0"/>
<entry name="jre\lib\zi\Indian\Mauritius" shared="false" uninstallMode="3"/>
<entry name="jre\lib\zi\Africa\Tunis" shared="false" uninstallMode="3"/>
<entry name="lib\dom4j-1.6.1.jar" shared="false" uninstallMode="0"/>
<entry name="LICENSE.md" shared="false" uninstallMode="0"/>
<entry name="jre\lib\zi\Europe\Belgrade" shared="false" uninstallMode="3"/>
<entry name="bin\SoapUI-5.3.0.exe" shared="false" uninstallMode="0"/>
<entry name="lib\org.apache.oltu.oauth2.client-0.31.jar" shared="false" uninstallMode="0"/>
<entry name="C:\Users\AnkitaW\.soapuios\plugins\readyapi-postman-1.0.1.jar" shared="false" uninstallMode="0"/>
<entry name="bin\ext\readme.txt" shared="false" uninstallMode="0"/>
<entry name="jre\bin\dcpr.dll" shared="false" uninstallMode="3"/>
<entry name="licences\l2fprod-LICENSE.txt" shared="false" uninstallMode="0"/>
<entry name="bin\mockservicerunner.bat" shared="false" uninstallMode="0"/>
<entry name="lib\xercesImpl-2.9.1.jar" shared="false" uninstallMode="0"/>
<entry name="jre\README.txt" shared="false" uninstallMode="3"/>
<entry name="jre\lib\ext\jfxrt.jar" shared="false" uninstallMode="0"/>
<entry name="jre\lib\zi\Europe\Volgograd" shared="false" uninstallMode="3"/>
<entry name="jre\lib\zi\SystemV\AST4" shared="false" uninstallMode="3"/>
<entry name="lib\htmlunit-2.7.jar" shared="false" uninstallMode="0"/>
<entry name="lib\httpcore-nio-4.1.1.jar" shared="false" uninstallMode="0"/>
<entry name="jre\lib\charsets.jar" shared="false" uninstallMode="3"/>
<entry name="C:\ProgramData\Microsoft\Windows\Start Menu\Programs\SmartBear\SoapUI 5.3.0\Online JavaDoc.url" shared="false" uninstallMode="2"/>
<entry name="jre\lib\zi\Europe\Brussels" shared="false" uninstallMode="3"/>
<entry name="README.md" shared="false" uninstallMode="0"/>
<entry name="bin\soapui-log4j.xml" shared="false" uninstallMode="0"/>
<entry name="jre\lib\fonts\LucidaSansRegular.ttf" shared="false" uninstallMode="3"/>
<entry name="jre\lib\zi\Europe\Berlin" shared="false" uninstallMode="3"/>
<entry name="jre\lib\zi\America\Menominee" shared="false" uninstallMode="3"/>
<entry name="jre\lib\zi\America\Denver" shared="false" uninstallMode="3"/>
<entry name="lib\httpclient-cache-4.1.1.jar" shared="false" uninstallMode="0"/>
<entry name="jre\lib\jvm.hprof.txt" shared="false" uninstallMode="3"/>
<entry name="jre\lib\management\snmp.acl.template" shared="false" uninstallMode="3"/>
<entry name="jre\lib\content-types.properties" shared="false" uninstallMode="3"/>
<entry name="jre\lib\zi\Africa\Ceuta" shared="false" uninstallMode="3"/>
<entry name="licences\commons-codec-LICENSE.txt" shared="false" uninstallMode="0"/>
<entry name="jre\lib\zi\Asia\Yekaterinburg" shared="false" uninstallMode="3"/>
<entry name="jre\bin\jfxmedia.dll" shared="false" uninstallMode="3"/>
<entry name="jre\lib\zi\Europe\Tirane" shared="false" uninstallMode="3"/>
<entry name="jre\lib\zi\Asia\Omsk" shared="false" uninstallMode="3"/>
<entry name="jre\lib\zi\Pacific\Tahiti" shared="false" uninstallMode="3"/>
<entry name="wsi-test-tools\analyzer-config-bsp11.xml" shared="false" uninstallMode="0"/>
<entry name="jre\lib\zi\America\Godthab" shared="false" uninstallMode="3"/>
<entry name="jre\bin\ktab.exe" shared="false" uninstallMode="3"/>
<entry name="lib\json-lib-2.2.2-jdk15.jar" shared="false" uninstallMode="0"/>
<entry name="jre\lib\zi\Asia\Thimphu" shared="false" uninstallMode="3"/>
<entry name="jre\bin\pack200.exe" shared="false" uninstallMode="3"/>
<entry name="bin\loadtestrunner.bat" shared="false" uninstallMode="0"/>
<entry name="jre\bin\prism-d3d.dll" shared="false" uninstallMode="3"/>
<entry name="jre\lib\zi\Asia\Kashgar" shared="false" uninstallMode="3"/>
<entry name="jre\lib\deploy\messages_zh_CN.properties" shared="false" uninstallMode="3"/>
<entry name="jre\lib\zi\Etc\GMT+11" shared="false" uninstallMode="3"/>
<entry name="C:\Users\Public\Desktop\SoapUI 5.3.0.lnk" shared="false" uninstallMode="2"/>
<entry name="jre\lib\zi\Etc\GMT+10" shared="false" uninstallMode="3"/>
<entry name="jre\lib\accessibility.properties" shared="false" uninstallMode="3"/>
<entry name="jre\lib\zi\Asia\Singapore" shared="false" uninstallMode="3"/>
<entry name="jre\lib\zi\Africa\Bujumbura" shared="false" uninstallMode="3"/>
<entry name="jre\lib\zi\America\Belize" shared="false" uninstallMode="3"/>
<entry name="jre\lib\zi\America\Argentina\Catamarca" shared="false" uninstallMode="3"/>
<entry name="jre\lib\zi\Etc\GMT+12" shared="false" uninstallMode="3"/>
<entry name=".install4j\i4j_extf_0_hs6ad0.utf8" shared="false" uninstallMode="2"/>
<entry name="lib\httpclient-4.1.1.jar" shared="false" uninstallMode="0"/>
<entry name="jre\lib\zi\HST" shared="false" uninstallMode="3"/>
<entry name="jre\lib\zi\Europe\Athens" shared="false" uninstallMode="3"/>
<entry name="tempHermes\hermesInstall.sh" shared="false" uninstallMode="0"/>
<entry name="jre\lib\zi\MET" shared="false" uninstallMode="3"/>
<entry name="jre\lib\zi\Atlantic\South_Georgia" shared="false" uninstallMode="3"/>
<entry name="jre\lib\zi\America\Porto_Velho" shared="false" uninstallMode="3"/>
<entry name="jre\bin\dt_shmem.dll" shared="false" uninstallMode="3"/>
<entry name="lib\activation-1.1.jar" shared="false" uninstallMode="0"/>
<entry name="wsi-test-tools\xsl\assertions.xsl" shared="false" uninstallMode="0"/>
<entry name="jre\lib\zi\Australia\Eucla" shared="false" uninstallMode="3"/>
<entry name="jre\lib\zi\ZoneInfoMappings" shared="false" uninstallMode="3"/>
<entry name="jre\lib\zi\Asia\Jerusalem" shared="false" uninstallMode="3"/>
<entry name="bin\soapui-5.3.0.jar" shared="false" uninstallMode="0"/>
<entry name="wsi-test-tools\log-sample.xml" shared="false" uninstallMode="0"/>
<entry name="jre\lib\zi\America\Indiana\Vevay" shared="false" uninstallMode="3"/>
<entry name="jre\lib\zi\America\Rainy_River" shared="false" uninstallMode="3"/>
<entry name="jre\bin\jsoundds.dll" shared="false" uninstallMode="3"/>
<entry name="jre\lib\images\cursors\win32_MoveDrop32x32.gif" shared="false" uninstallMode="3"/>
<entry name="bin\starter-page.html" shared="false" uninstallMode="0"/>
<entry name="jre\lib\zi\Australia\Currie" shared="false" uninstallMode="3"/>
<entry name="jre\bin\orbd.exe" shared="false" uninstallMode="3"/>
<entry name="jre\lib\zi\Australia\Sydney" shared="false" uninstallMode="3"/>
<entry name="jre\lib\zi\Africa\Niamey" shared="false" uninstallMode="3"/>
<entry name="jre\lib\zi\Europe\Warsaw" shared="false" uninstallMode="3"/>
<entry name="jre\lib\zi\Europe\Minsk" shared="false" uninstallMode="3"/>
<entry name="lib\guava-14.0.jar" shared="false" uninstallMode="0"/>
<entry name="jre\bin\deploy.dll" shared="false" uninstallMode="3"/>
<entry name="lib\json-path-0.9.1.jar" shared="false" uninstallMode="0"/>
<entry name="jre\lib\zi\America\Los_Angeles" shared="false" uninstallMode="3"/>
<entry name="wsi-test-tools\xsl\common.xsl" shared="false" uninstallMode="0"/>
<entry name=".install4j\i4j_extf_3_hs6ad0_1jsmgym.png" shared="false" uninstallMode="2"/>
<entry name=".install4j\i4j_extf_1_hs6ad0_1mw95qn.png" shared="false" uninstallMode="2"/>
<entry name="tempHermes\hermesInstall.bat" shared="false" uninstallMode="0"/>
<entry name="jre\bin\gstreamer-lite.dll" shared="false" uninstallMode="3"/>
<entry name="licences\looks-LICENSE.txt" shared="false" uninstallMode="0"/>
<entry name="tempHermes\script.xml" shared="false" uninstallMode="0"/>
<entry name="SoapUI-Tutorials\WSDL-WADL\sample-service.wsdl" shared="false" uninstallMode="0"/>
<entry name="jre\bin\javafx-font.dll" shared="false" uninstallMode="3"/>
<entry name="jre\lib\i386\jvm.cfg" shared="false" uninstallMode="3"/>
<entry name="jre\lib\zi\America\Campo_Grande" shared="false" uninstallMode="3"/>
<entry name="jre\lib\zi\America\Port-au-Prince" shared="false" uninstallMode="3"/>
<entry name="wsi-test-tools\xsl\publicTAD.xsl" shared="false" uninstallMode="0"/>
<entry name="lib\xstream-1.3.1.jar" shared="false" uninstallMode="0"/>
<entry name="jre\lib\zi\Australia\Melbourne" shared="false" uninstallMode="3"/>
<entry name="jre\lib\zi\Europe\Moscow" shared="false" uninstallMode="3"/>
<entry name="jre\lib\zi\America\Bahia" shared="false" uninstallMode="3"/>
<entry name="lib\forms-1.0.7.jar" shared="false" uninstallMode="0"/>
<entry name="lib\i4jruntime-5.1.14.jar" shared="false" uninstallMode="0"/>
<entry name="jre\lib\zi\America\Port_of_Spain" shared="false" uninstallMode="3"/>
<entry name="jre\lib\zi\CET" shared="false" uninstallMode="3"/>
<entry name="jre\lib\zi\Pacific\Kiritimati" shared="false" uninstallMode="3"/>
<entry name="jre\lib\zi\Europe\Chisinau" shared="false" uninstallMode="3"/>
<entry name="jre\bin\splashscreen.dll" shared="false" uninstallMode="3"/>
<entry name="jre\lib\fonts\LucidaTypewriterRegular.ttf" shared="false" uninstallMode="3"/>
<entry name="jre\lib\zi\Africa\Sao_Tome" shared="false" uninstallMode="3"/>
<entry name="lib\saxon-dom-9.1.0.8j.jar" shared="false" uninstallMode="0"/>
<entry name="C:\Users\AnkitaW\SoapUI-Tutorials\popular-apis\Twitter-soapui-project.xml" shared="false" uninstallMode="0"/>
<entry name="jre\lib\zi\Europe\Madrid" shared="false" uninstallMode="3"/>
<entry name=".install4j\i4jinst.dll" shared="false" uninstallMode="2"/>
<entry name="licences\bcprov-LICENSE.txt" shared="false" uninstallMode="0"/>
<entry name="jre\lib\zi\Asia\Irkutsk" shared="false" uninstallMode="3"/>
<entry name="jre\lib\zi\America\Boa_Vista" shared="false" uninstallMode="3"/>
<entry name="jre\lib\zi\America\North_Dakota\New_Salem" shared="false" uninstallMode="3"/>
<entry name="jre\lib\zi\America\Danmarkshavn" shared="false" uninstallMode="3"/>
<entry name="jre\bin\klist.exe" shared="false" uninstallMode="3"/>
<entry name="jre\bin\kcms.dll" shared="false" uninstallMode="3"/>
<entry name="jre\bin\JAWTAccessBridge-32.dll" shared="false" uninstallMode="3"/>
<entry name="jre\bin\jpioji.dll" shared="false" uninstallMode="3"/>
<entry name="jre\lib\zi\Africa\Libreville" shared="false" uninstallMode="3"/>
<entry name="jre\bin\keytool.exe" shared="false" uninstallMode="3"/>
<entry name="wsi-test-tools\analyzerV11.bat" shared="false" uninstallMode="0"/>
<entry name="jre\lib\zi\Africa\Dakar" shared="false" uninstallMode="3"/>
<entry name="lib\proxy-vole-20131209.jar" shared="false" uninstallMode="0"/>
<entry name="jre\lib\zi\America\Miquelon" shared="false" uninstallMode="3"/>
<entry name="jre\lib\zi\Etc\GMT-10" shared="false" uninstallMode="3"/>
<entry name="jre\lib\zi\Etc\GMT-11" shared="false" uninstallMode="3"/>
<entry name="jre\lib\zi\Etc\GMT-12" shared="false" uninstallMode="3"/>
<entry name="lib\org.apache.oltu.oauth2.common-0.31.jar" shared="false" uninstallMode="0"/>
<entry name="jre\lib\zi\Etc\GMT-13" shared="false" uninstallMode="3"/>
<entry name="jre\lib\zi\Etc\GMT-14" shared="false" uninstallMode="3"/>
<entry name="jre\lib\zi\Asia\Samarkand" shared="false" uninstallMode="3"/>
<entry name="jre\lib\zi\Africa\Nouakchott" shared="false" uninstallMode="3"/>
<entry name="jre\lib\images\cursors\invalid32x32.gif" shared="false" uninstallMode="3"/>
<entry name="jre\lib\zi\America\Ojinaga" shared="false" uninstallMode="3"/>
<entry name="RELEASENOTES.txt" shared="false" uninstallMode="0"/>
<entry name=".install4j\i4jruntime.jar" shared="false" uninstallMode="2"/>
<entry name="jre\bin\libxslt.dll" shared="false" uninstallMode="3"/>
<entry name="jre\lib\zi\Asia\Harbin" shared="false" uninstallMode="3"/>
<entry name="lib\json-smart-1.2.jar" shared="false" uninstallMode="0"/>
<entry name="SoapUI-Tutorials\Sample-SOAP-Project-soapui-project.xml" shared="false" uninstallMode="0"/>
<entry name="jre\lib\deploy\jqs\jqs.conf" shared="false" uninstallMode="3"/>
<entry name="jre\lib\zi\Europe\Monaco" shared="false" uninstallMode="3"/>
<entry name="jre\lib\zi\Asia\Sakhalin" shared="false" uninstallMode="3"/>
<entry name="lib\js-1.7R2.jar" shared="false" uninstallMode="0"/>
<entry name="lib\xalan-2.7.1.jar" shared="false" uninstallMode="0"/>
<entry name="bin\SoapUI-5.3.0.vmoptions" shared="false" uninstallMode="0"/>
<entry name="lib\wsdl4j-1.6.2-fixed.jar" shared="false" uninstallMode="0"/>
<entry name="jre\lib\zi\Asia\Amman" shared="false" uninstallMode="3"/>
<entry name="jre\lib\zi\Australia\Hobart" shared="false" uninstallMode="3"/>
<entry name="jre\lib\zi\Asia\Pyongyang" shared="false" uninstallMode="3"/>
<entry name="lib\sac-1.3.jar" shared="false" uninstallMode="0"/>
<entry name="jre\lib\zi\America\Creston" shared="false" uninstallMode="3"/>
<entry name="jre\lib\zi\America\Indiana\Petersburg" shared="false" uninstallMode="3"/>
<entry name="wsi-test-tools\monitor-config-sample.xml" shared="false" uninstallMode="0"/>
<entry name="lib\xml-apis-1.3.04.jar" shared="false" uninstallMode="0"/>
<entry name="jre\lib\cmm\PYCC.pf" shared="false" uninstallMode="3"/>
<entry name="jre\lib\zi\Europe\Helsinki" shared="false" uninstallMode="3"/>
<entry name="jre\lib\zi\SystemV\MST7" shared="false" uninstallMode="3"/>
<entry name="jre\lib\zi\Africa\Ouagadougou" shared="false" uninstallMode="3"/>
<entry name="jre\lib\zi\America\Phoenix" shared="false" uninstallMode="3"/>
<entry name="jre\bin\awt.dll" shared="false" uninstallMode="3"/>
<entry name="jre\lib\zi\Europe\Samara" shared="false" uninstallMode="3"/>
<entry name="jre\lib\zi\Asia\Vientiane" shared="false" uninstallMode="3"/>
<entry name="lib\commons-logging-1.1.1.jar" shared="false" uninstallMode="0"/>
<entry name="jre\lib\zi\America\Nipigon" shared="false" uninstallMode="3"/>
<entry name="lib\hamcrest-core-1.3.jar" shared="false" uninstallMode="0"/>
<entry name=".install4j\i4j_extf_5_hs6ad0.TXT" shared="false" uninstallMode="2"/>
<entry name="jre\bin\java.dll" shared="false" uninstallMode="3"/>
<entry name="jre\COPYRIGHT" shared="false" uninstallMode="3"/>
<entry name="jre\lib\zi\Africa\Ndjamena" shared="false" uninstallMode="3"/>
<entry name="jre\lib\zi\America\Resolute" shared="false" uninstallMode="3"/>
<entry name="jre\bin\w2k_lsa_auth.dll" shared="false" uninstallMode="3"/>
<entry name="jre\bin\fontmanager.dll" shared="false" uninstallMode="3"/>
<entry name="jre\lib\zi\Africa\Djibouti" shared="false" uninstallMode="3"/>
<entry name="jre\lib\zi\Africa\Lagos" shared="false" uninstallMode="3"/>
<entry name="wsi-test-tools\xsl\logBigFont.xsl" shared="false" uninstallMode="0"/>
<entry name="jre\lib\zi\Antarctica\Vostok" shared="false" uninstallMode="3"/>
<entry name="jre\lib\zi\Pacific\Apia" shared="false" uninstallMode="3"/>
<entry name="jre\lib\zi\Europe\Oslo" shared="false" uninstallMode="3"/>
<entry name="bin\testrunner.bat" shared="false" uninstallMode="0"/>
<entry name="lib\commons-beanutils-1.7.0.jar" shared="false" uninstallMode="0"/>
<entry name="jre\lib\zi\Africa\Abidjan" shared="false" uninstallMode="3"/>
<entry name="jre\lib\zi\Asia\Urumqi" shared="false" uninstallMode="3"/>
<entry name="jre\lib\zi\Asia\Seoul" shared="false" uninstallMode="3"/>
<entry name="jre\lib\zi\Indian\Antananarivo" shared="false" uninstallMode="3"/>
<entry name="jre\lib\zi\America\Guatemala" shared="false" uninstallMode="3"/>
<entry name="jre\lib\zi\America\Costa_Rica" shared="false" uninstallMode="3"/>
<entry name="jre\bin\npoji610.dll" shared="false" uninstallMode="3"/>
<entry name="lib\slf4j-api-1.6.1.jar" shared="false" uninstallMode="0"/>
<entry name="jre\bin\jqs.exe" shared="false" uninstallMode="3"/>
<entry name="lib\jsr305-1.3.9.jar" shared="false" uninstallMode="0"/>
<entry name="jre\bin\zip.dll" shared="false" uninstallMode="3"/>
<entry name="jre\lib\deploy\messages_zh_TW.properties" shared="false" uninstallMode="3"/>
<entry name="bin\soapui.bat" shared="false" uninstallMode="0"/>
<entry name="jre\lib\zi\Pacific\Majuro" shared="false" uninstallMode="3"/>
<entry name="jre\lib\zi\Europe\Tallinn" shared="false" uninstallMode="3"/>
<entry name="jre\bin\jabswitch.exe" shared="false" uninstallMode="3"/>
<entry name="jre\lib\zi\Antarctica\DumontDUrville" shared="false" uninstallMode="3"/>
<entry name="lib\bcprov-jdk15-144.jar" shared="false" uninstallMode="0"/>
<entry name="jre\lib\zi\Indian\Maldives" shared="false" uninstallMode="3"/>
<entry name="jre\lib\zi\SystemV\YST9YDT" shared="false" uninstallMode="3"/>
<entry name="jre\lib\zi\Pacific\Nauru" shared="false" uninstallMode="3"/>
<entry name="jre\lib\zi\EST" shared="false" uninstallMode="3"/>
<entry name="jre\lib\zi\America\Rankin_Inlet" shared="false" uninstallMode="3"/>
<entry name="jre\lib\zi\Africa\Johannesburg" shared="false" uninstallMode="3"/>
<entry name="jre\lib\zi\Africa\Mbabane" shared="false" uninstallMode="3"/>
<entry name="jre\lib\zi\Asia\Ashgabat" shared="false" uninstallMode="3"/>
<entry name="jre\lib\zi\America\Argentina\Buenos_Aires" shared="false" uninstallMode="3"/>
<entry name="jre\lib\management\jmxremote.access" shared="false" uninstallMode="3"/>
<entry name="LICENSE.txt" shared="false" uninstallMode="0"/>
<entry name=".install4j\pref_jre.cfg" shared="false" uninstallMode="0"/>
<entry name="jre\lib\jfr.jar" shared="false" uninstallMode="3"/>
<entry name="lib\xml-apis-2.9.1.jar" shared="false" uninstallMode="0"/>
<entry name="jre\lib\zi\America\Argentina\San_Luis" shared="false" uninstallMode="3"/>
<entry name="jre\lib\zi\Asia\Dhaka" shared="false" uninstallMode="3"/>
<entry name="jre\lib\zi\America\Blanc-Sablon" shared="false" uninstallMode="3"/>
<entry name="lib\httpcore-4.1.1.jar" shared="false" uninstallMode="0"/>
<entry name="jre\lib\zi\America\Indiana\Vincennes" shared="false" uninstallMode="3"/>
<entry name="C:\Users\AnkitaW\SoapUI-Tutorials\Sample-REST-Project-soapui-project.xml" shared="false" uninstallMode="0"/>
<entry name="jre\lib\zi\Asia\Riyadh" shared="false" uninstallMode="3"/>
<entry name="jre\lib\zi\SystemV\AST4ADT" shared="false" uninstallMode="3"/>
<entry name="jre\lib\zi\America\Anchorage" shared="false" uninstallMode="3"/>
<entry name="jre\lib\deploy\messages_zh_HK.properties" shared="false" uninstallMode="3"/>
<entry name="jre\lib\deploy\messages_it.properties" shared="false" uninstallMode="3"/>
<entry name="jre\bin\jp2launcher.exe" shared="false" uninstallMode="3"/>
<entry name="licences\xmlbeans-NOTICE.txt" shared="false" uninstallMode="0"/>
<entry name="jre\bin\javacpl.exe" shared="false" uninstallMode="3"/>
<entry name="licences\log4j-LICENSE.txt" shared="false" uninstallMode="0"/>
<entry name="jre\lib\zi\Asia\Jakarta" shared="false" uninstallMode="3"/>
<entry name="jre\lib\zi\Atlantic\Cape_Verde" shared="false" uninstallMode="3"/>
<entry name="jre\lib\ext\localedata.jar" shared="false" uninstallMode="3"/>
<entry name="jre\Welcome.html" shared="false" uninstallMode="3"/>
<entry name="SoapUI-Tutorials\WSDL-WADL\sample-service.wadl" shared="false" uninstallMode="0"/>
<entry name="jre\lib\security\javaws.policy" shared="false" uninstallMode="3"/>
<entry name="jre\lib\zi\Asia\Colombo" shared="false" uninstallMode="3"/>
<entry name="jre\lib\sparc\client\classes.jsa" shared="false" uninstallMode="0"/>
<entry name="jre\lib\zi\America\Yellowknife" shared="false" uninstallMode="3"/>
<entry name="jre\lib\zi\Pacific\Gambier" shared="false" uninstallMode="3"/>
<entry name="jre\lib\zi\Africa\Dar_es_Salaam" shared="false" uninstallMode="3"/>
<entry name="lib\maven-plugin-api-2.0.jar" shared="false" uninstallMode="0"/>
<entry name="jre\lib\security\javafx.policy" shared="false" uninstallMode="3"/>
<entry name="jre\lib\zi\Africa\Kigali" shared="false" uninstallMode="3"/>
<entry name="jre\lib\zi\Europe\Bucharest" shared="false" uninstallMode="3"/>
<entry name="jre\lib\i386\client\classes.jsa" shared="false" uninstallMode="0"/>
<entry name="jre\lib\fonts\LucidaBrightDemiBold.ttf" shared="false" uninstallMode="3"/>
<entry name="jre\lib\zi\Africa\Monrovia" shared="false" uninstallMode="3"/>
<entry name="jre\lib\zi\Pacific\Auckland" shared="false" uninstallMode="3"/>
<entry name="lib\cajo-1.142.jar" shared="false" uninstallMode="0"/>
<entry name="jre\lib\zi\America\Cayenne" shared="false" uninstallMode="3"/>
<entry name="jre\lib\deploy\messages_ja.properties" shared="false" uninstallMode="3"/>
<entry name="jre\lib\zi\Asia\Chongqing" shared="false" uninstallMode="3"/>
<entry name="jre\lib\zi\Europe\Dublin" shared="false" uninstallMode="3"/>
<entry name="jre\lib\zi\Indian\Christmas" shared="false" uninstallMode="3"/>
<entry name="jre\lib\zi\Atlantic\Canary" shared="false" uninstallMode="3"/>
<entry name="jre\lib\zi\Asia\Manila" shared="false" uninstallMode="3"/>
<entry name="jre\lib\classlist" shared="false" uninstallMode="3"/>
<entry name="jre\lib\zi\America\Chicago" shared="false" uninstallMode="3"/>
<entry name="jre\lib\zi\America\Argentina\San_Juan" shared="false" uninstallMode="3"/>
<entry name="jre\lib\zi\Asia\Kamchatka" shared="false" uninstallMode="3"/>
<entry name="SoapUI-Tutorials\Sample-REST-Project-soapui-project.xml" shared="false" uninstallMode="0"/>
<entry name="jre\lib\zi\Africa\Lubumbashi" shared="false" uninstallMode="3"/>
<entry name="C:\Users\AnkitaW\SoapUI-Tutorials\popular-apis\Facebook-soapui-project.xml" shared="false" uninstallMode="0"/>
<entry name="licences\RSyntaxTextArea-LICENSE.txt" shared="false" uninstallMode="0"/>
<entry name="lib\binding-2.0.1.jar" shared="false" uninstallMode="0"/>
<entry name="lib\cssparser-0.9.5.jar" shared="false" uninstallMode="0"/>
<entry name="jre\lib\zi\SystemV\PST8" shared="false" uninstallMode="3"/>
<entry name="jre\bin\servertool.exe" shared="false" uninstallMode="3"/>
<entry name="soapUI.url" shared="false" uninstallMode="0"/>
<entry name="jre\lib\zi\Europe\Zaporozhye" shared="false" uninstallMode="3"/>
<entry name="lib\commons-cli-1.2.jar" shared="false" uninstallMode="0"/>
<entry name="lib\httpmime-4.1.1.jar" shared="false" uninstallMode="0"/>
<entry name="jre\lib\zi\Asia\Ulaanbaatar" shared="false" uninstallMode="3"/>
<entry name="jre\lib\zi\Asia\Shanghai" shared="false" uninstallMode="3"/>
<entry name="jre\bin\wsdetect.dll" shared="false" uninstallMode="3"/>
<entry name="jre\bin\management.dll" shared="false" uninstallMode="3"/>
<entry name="jre\bin\jawt.dll" shared="false" uninstallMode="3"/>
<entry name="licences\xmlunit-LICENSE.txt" shared="false" uninstallMode="0"/>
<entry name="wsi-test-tools\bsplog.xml" shared="false" uninstallMode="0"/>
<entry name="jre\lib\ext\jaccess.jar" shared="false" uninstallMode="3"/>
<entry name="jre\lib\zi\Pacific\Chatham" shared="false" uninstallMode="3"/>
<entry name="jre\bin\decora-sse.dll" shared="false" uninstallMode="3"/>
<entry name="jre\lib\zi\Pacific\Easter" shared="false" uninstallMode="3"/>
<entry name="jre\bin\jp2iexp.dll" shared="false" uninstallMode="3"/>
<entry name="lib\junit-4.11.jar" shared="false" uninstallMode="0"/>
<entry name="jre\lib\zi\America\Montevideo" shared="false" uninstallMode="3"/>
<entry name="jre\lib\zi\America\Thule" shared="false" uninstallMode="3"/>
<entry name="jre\lib\deploy\messages.properties" shared="false" uninstallMode="3"/>
<entry name="jre\lib\zi\America\Havana" shared="false" uninstallMode="3"/>
<entry name="jre\lib\zi\Asia\Bangkok" shared="false" uninstallMode="3"/>
<entry name="lib\swingx-soapui.jar" shared="false" uninstallMode="0"/>
<entry name="lib\hermes-1.14.jar" shared="false" uninstallMode="0"/>
<entry name="jre\lib\zi\Africa\Asmara" shared="false" uninstallMode="3"/>
<entry name="jre\lib\zi\Antarctica\Rothera" shared="false" uninstallMode="3"/>
<entry name="jre\lib\zi\Pacific\Honolulu" shared="false" uninstallMode="3"/>
<entry name="C:\Users\AnkitaW\.soapuios\plugins\readyapi-swaggerhub-plugin-1.0.jar" shared="false" uninstallMode="0"/>
<entry name="jre\lib\ext\access-bridge-32.jar" shared="false" uninstallMode="3"/>
<entry name="jre\lib\zi\Europe\Kaliningrad" shared="false" uninstallMode="3"/>
<entry name="jre\lib\zi\Asia\Gaza" shared="false" uninstallMode="3"/>
<entry name="jre\lib\zi\Pacific\Efate" shared="false" uninstallMode="3"/>
<entry name="jre\lib\fonts\LucidaBrightItalic.ttf" shared="false" uninstallMode="3"/>
<entry name="lib\analytics-core-5.3.0.jar" shared="false" uninstallMode="0"/>
<entry name="jre\lib\zi\Atlantic\Madeira" shared="false" uninstallMode="3"/>
<entry name="jre\lib\zi\America\Argentina\Tucuman" shared="false" uninstallMode="3"/>
<entry name="licences\piccolo-LICENSE.txt" shared="false" uninstallMode="0"/>
<entry name="licences\rhino-LICENSE.txt" shared="false" uninstallMode="0"/>
<entry name="lib\flex-messaging-remoting-1.0.jar" shared="false" uninstallMode="0"/>
<entry name="lib\xmlsec-1.4.5.jar" shared="false" uninstallMode="0"/>
<entry name="jre\bin\jsdt.dll" shared="false" uninstallMode="3"/>
<entry name="jre\lib\zi\America\Recife" shared="false" uninstallMode="3"/>
<entry name="jre\lib\security\java.security" shared="false" uninstallMode="3"/>
<entry name="lib\jtidy-r872-jdk15.jar" shared="false" uninstallMode="0"/>
<entry name="jre\lib\zi\Africa\Algiers" shared="false" uninstallMode="3"/>
<entry name="SoapUI-Tutorials\popular-apis\YouTube-soapui-project.xml" shared="false" uninstallMode="0"/>
<entry name="jre\lib\cmm\GRAY.pf" shared="false" uninstallMode="3"/>
<entry name="lib\l2fprod-common-directorychooser-7.3.jar" shared="false" uninstallMode="0"/>
<entry name="jre\lib\zi\Africa\Maseru" shared="false" uninstallMode="3"/>
<entry name="jre\lib\zi\Australia\Brisbane" shared="false" uninstallMode="3"/>
<entry name="bin\updateinstallation.bat" shared="false" uninstallMode="0"/>
<entry name="jre\lib\alt-rt.jar" shared="false" uninstallMode="3"/>
<entry name="jre\bin\npt.dll" shared="false" uninstallMode="3"/>
<entry name="jre\bin\installer.dll" shared="false" uninstallMode="3"/>
<entry name="jre\lib\management\jmxremote.password.template" shared="false" uninstallMode="3"/>
<entry name="jre\lib\zi\America\Argentina\Salta" shared="false" uninstallMode="3"/>
<entry name="jre\lib\deploy\messages_de.properties" shared="false" uninstallMode="3"/>
<entry name="jre\lib\zi\Asia\Aqtobe" shared="false" uninstallMode="3"/>
<entry name="lib\animal-sniffer-annotations-1.11.jar" shared="false" uninstallMode="0"/>
<entry name="licences\jetty-LICENSE.txt" shared="false" uninstallMode="0"/>
<entry name="licences\commons-lang-LICENSE.txt" shared="false" uninstallMode="0"/>
<entry name="jre\lib\zi\Australia\Adelaide" shared="false" uninstallMode="3"/>
<entry name="jre\lib\zi\Asia\Kuala_Lumpur" shared="false" uninstallMode="3"/>
<entry name="lib\commons-io-2.4.jar" shared="false" uninstallMode="0"/>
<entry name="jre\lib\zi\Pacific\Guadalcanal" shared="false" uninstallMode="3"/>
<entry name="jre\lib\zi\America\Manaus" shared="false" uninstallMode="3"/>
<entry name="licences\binding-LICENSE.txt" shared="false" uninstallMode="0"/>
<entry name="jre\lib\zi\America\Mexico_City" shared="false" uninstallMode="3"/>
<entry name="SoapUI-Tutorials\popular-apis\Flickr-soapui-project.xml" shared="false" uninstallMode="0"/>
<entry name="jre\lib\zi\Asia\Tehran" shared="false" uninstallMode="3"/>
<entry name="wsi-test-tools\README_bsp.txt" shared="false" uninstallMode="0"/>
<entry name="jre\lib\zi\Asia\Novosibirsk" shared="false" uninstallMode="3"/>
<entry name="jre\lib\zi\Africa\Cairo" shared="false" uninstallMode="3"/>
<entry name="lib\groovy-all-2.1.7.jar" shared="false" uninstallMode="0"/>
<entry name="jre\lib\zi\America\Sao_Paulo" shared="false" uninstallMode="3"/>
<entry name="jre\lib\zi\Asia\Kathmandu" shared="false" uninstallMode="3"/>
<entry name="jre\lib\zi\Pacific\Funafuti" shared="false" uninstallMode="3"/>
<entry name="jre\bin\npjpi170_55.dll" shared="false" uninstallMode="3"/>
<entry name="licences\groovy-LICENSE.txt" shared="false" uninstallMode="0"/>
<entry name="jre\lib\amd64\client\classes.jsa" shared="false" uninstallMode="0"/>
<entry name="licences\junit-LICENSE.txt" shared="false" uninstallMode="0"/>
<entry name="jre\lib\zi\Europe\Uzhgorod" shared="false" uninstallMode="3"/>
<entry name="jre\lib\zi\Antarctica\Mawson" shared="false" uninstallMode="3"/>
<entry name="jre\lib\zi\Pacific\Niue" shared="false" uninstallMode="3"/>
<entry name="jre\lib\zi\Europe\Zurich" shared="false" uninstallMode="3"/>
<entry name=".install4j\i4j_extf_2_hs6ad0_1dj1sbj.png" shared="false" uninstallMode="2"/>
<entry name="licences\commons-cli-LICENSE.txt" shared="false" uninstallMode="0"/>
<entry name="C:\ProgramData\Microsoft\Windows\Start Menu\Programs\SmartBear\SoapUI 5.3.0\SoapUI 5.3.0 Uninstaller.lnk" shared="false" uninstallMode="2"/>
<entry name="jre\lib\zi\Australia\Broken_Hill" shared="false" uninstallMode="3"/>
<entry name="lib\jetty-6.1.26.jar" shared="false" uninstallMode="0"/>
<entry name="jre\lib\zi\Africa\Lome" shared="false" uninstallMode="3"/>
<entry name="wsi-test-tools\lib\org.wsi.test.validator.jar" shared="false" uninstallMode="0"/>
<entry name="jre\lib\zi\America\Chihuahua" shared="false" uninstallMode="3"/>
<entry name="jre\lib\zi\Asia\Yakutsk" shared="false" uninstallMode="3"/>
<entry name="jre\lib\zi\Europe\Malta" shared="false" uninstallMode="3"/>
<entry name="licences\xerces-LICENSE.txt" shared="false" uninstallMode="0"/>
<entry name="jre\bin\jp2ssv.dll" shared="false" uninstallMode="3"/>
<entry name="lib\xbean_xpath-2.4.0.jar" shared="false" uninstallMode="0"/>
<entry name="jre\lib\zi\America\Monterrey" shared="false" uninstallMode="3"/>
<entry name="jre\lib\zi\Pacific\Pago_Pago" shared="false" uninstallMode="3"/>
<entry name="jre\lib\zi\America\Indiana\Indianapolis" shared="false" uninstallMode="3"/>
<entry name="jre\lib\zi\America\North_Dakota\Center" shared="false" uninstallMode="3"/>
<entry name="lib\jaxen-1.1-beta-8.jar" shared="false" uninstallMode="0"/>
<entry name="C:\Users\AnkitaW\.soapuios\plugins\ready-uxm-plugin-1.0.1-dist.jar" shared="false" uninstallMode="0"/>
<entry name="jre\lib\zi\Pacific\Fakaofo" shared="false" uninstallMode="3"/>
<entry name="jre\lib\zi\Asia\Kuwait" shared="false" uninstallMode="3"/>
<entry name="lib\jdom-1.0.jar" shared="false" uninstallMode="0"/>
<entry name="jre\lib\images\cursors\cursors.properties" shared="false" uninstallMode="3"/>
<entry name="lib\rsyntaxtextarea-2.5.0.jar" shared="false" uninstallMode="0"/>
<entry name="jre\lib\zi\Africa\El_Aaiun" shared="false" uninstallMode="3"/>
<entry name="jre\lib\zi\Asia\Yerevan" shared="false" uninstallMode="3"/>
<entry name="jre\bin\jpiexp.dll" shared="false" uninstallMode="3"/>
<entry name="jre\lib\deploy\messages_ko.properties" shared="false" uninstallMode="3"/>
<entry name="jre\lib\zi\America\Tijuana" shared="false" uninstallMode="3"/>
<entry name="licences\hermesJMS-LICENCE.TXT" shared="false" uninstallMode="0"/>
<entry name="jre\lib\zi\America\Argentina\Mendoza" shared="false" uninstallMode="3"/>
<entry name="jre\bin\client\jvm.dll" shared="false" uninstallMode="3"/>
<entry name=".install4j\i4jdel.exe" shared="false" uninstallMode="2"/>
<entry name="jre\lib\zi\Africa\Tripoli" shared="false" uninstallMode="3"/>
<entry name="bin\wargenerator.bat" shared="false" uninstallMode="0"/>
<entry name="jre\bin\policytool.exe" shared="false" uninstallMode="3"/>
<entry name="jre\lib\deploy\splash.gif" shared="false" uninstallMode="3"/>
<entry name="jre\lib\zi\Africa\Freetown" shared="false" uninstallMode="3"/>
<entry name="jre\lib\security\java.policy" shared="false" uninstallMode="3"/>
<entry name="jre\lib\zi\America\Indiana\Tell_City" shared="false" uninstallMode="3"/>
<entry name="jre\lib\currency.data" shared="false" uninstallMode="3"/>
<entry name="jre\lib\zi\America\Regina" shared="false" uninstallMode="3"/>
<entry name="jre\lib\zi\America\Goose_Bay" shared="false" uninstallMode="3"/>
<entry name="jre\bin\eula.dll" shared="false" uninstallMode="3"/>
<entry name="lib\looks-2.2.0.jar" shared="false" uninstallMode="0"/>
<entry name="jre\lib\zi\America\Nassau" shared="false" uninstallMode="3"/>
<entry name="C:\ProgramData\Microsoft\Windows\Start Menu\Programs\SmartBear\SoapUI 5.3.0\soapui.org website.url" shared="false" uninstallMode="2"/>
<entry name="jre\lib\zi\Asia\Phnom_Penh" shared="false" uninstallMode="3"/>
<entry name="jre\lib\zi\America\Barbados" shared="false" uninstallMode="3"/>
<entry name="jre\lib\zi\Asia\Qyzylorda" shared="false" uninstallMode="3"/>
<entry name="lib\jettison-1.2.jar" shared="false" uninstallMode="0"/>
<entry name="jre\lib\zi\Etc\UCT" shared="false" uninstallMode="3"/>
<entry name="jre\lib\jfxrt.jar" shared="false" uninstallMode="3"/>
<entry name="licences\commons-logging-LICENSE.txt" shared="false" uninstallMode="0"/>
<entry name="jre\lib\zi\America\Atikokan" shared="false" uninstallMode="3"/>
<entry name="jre\lib\zi\America\Indiana\Marengo" shared="false" uninstallMode="3"/>
<entry name="jre\lib\zi\Africa\Maputo" shared="false" uninstallMode="3"/>
<entry name="jre\lib\zi\America\Managua" shared="false" uninstallMode="3"/>
<entry name="jre\lib\zi\America\Asuncion" shared="false" uninstallMode="3"/>
<entry name="jre\lib\calendars.properties" shared="false" uninstallMode="3"/>
<entry name="jre\lib\zi\America\Vancouver" shared="false" uninstallMode="3"/>
<entry name="jre\lib\zi\Asia\Jayapura" shared="false" uninstallMode="3"/>
<entry name="jre\lib\zi\Africa\Lusaka" shared="false" uninstallMode="3"/>
<entry name="jre\lib\zi\America\Bahia_Banderas" shared="false" uninstallMode="3"/>
<entry name=".install4j\i4j_extf_6_hs6ad0_1h4a4q4.ico" shared="false" uninstallMode="2"/>
<entry name="jre\lib\zi\Indian\Chagos" shared="false" uninstallMode="3"/>
<entry name="jre\lib\zi\Asia\Aden" shared="false" uninstallMode="3"/>
<entry name="wsi-test-tools\xsl\log.xsl" shared="false" uninstallMode="0"/>
<entry name="jre\lib\deploy\messages_es.properties" shared="false" uninstallMode="3"/>
<entry name="lib\mail-1.4.jar" shared="false" uninstallMode="0"/>
<entry name="jre\lib\ext\sunjce_provider.jar" shared="false" uninstallMode="3"/>
<entry name="lib\out-app-analytics-provider-5.3.0.jar" shared="false" uninstallMode="0"/>
<entry name="jre\lib\zi\America\Noronha" shared="false" uninstallMode="3"/>
<entry name="jre\lib\zi\Asia\Riyadh89" shared="false" uninstallMode="3"/>
<entry name="jre\lib\zi\Asia\Tbilisi" shared="false" uninstallMode="3"/>
<entry name="jre\lib\zi\Africa\Bamako" shared="false" uninstallMode="3"/>
<entry name="jre\lib\zi\Asia\Riyadh88" shared="false" uninstallMode="3"/>
<entry name="jre\lib\zi\Asia\Riyadh87" shared="false" uninstallMode="3"/>
<entry name="lib\xom-1.1.jar" shared="false" uninstallMode="0"/>
<entry name="jre\lib\zi\America\Kentucky\Monticello" shared="false" uninstallMode="3"/>
<entry name="jre\lib\flavormap.properties" shared="false" uninstallMode="3"/>
<entry name="licences\xmlsec-LICENSE.txt" shared="false" uninstallMode="0"/>
<entry name="jre\lib\zi\America\Bogota" shared="false" uninstallMode="3"/>
<entry name="wsi-test-tools\analyzerV11.sh" shared="false" uninstallMode="0"/>
<entry name="jre\lib\zi\America\Indiana\Winamac" shared="false" uninstallMode="3"/>
<entry name="jre\bin\sunmscapi.dll" shared="false" uninstallMode="3"/>
<entry name="jre\bin\WindowsAccessBridge-32.dll" shared="false" uninstallMode="3"/>
<entry name="jre\lib\zi\Asia\Hong_Kong" shared="false" uninstallMode="3"/>
<entry name="jre\lib\zi\Africa\Bangui" shared="false" uninstallMode="3"/>
<entry name="jre\lib\zi\America\New_York" shared="false" uninstallMode="3"/>
<entry name="jre\lib\deploy.jar" shared="false" uninstallMode="3"/>
<entry name="jre\lib\zi\Asia\Bahrain" shared="false" uninstallMode="3"/>
<entry name="jre\lib\zi\Africa\Brazzaville" shared="false" uninstallMode="3"/>
<entry name="C:\Users\AnkitaW\SoapUI-Tutorials\Sample-SOAP-Project-soapui-project.xml" shared="false" uninstallMode="0"/>
<entry name="jre\lib\zi\Africa\Malabo" shared="false" uninstallMode="3"/>
<entry name="lib\xmlParserAPIs-2.6.2.jar" shared="false" uninstallMode="0"/>
<entry name="jre\lib\zi\America\Jamaica" shared="false" uninstallMode="3"/>
<entry name="jre\lib\zi\GMT" shared="false" uninstallMode="3"/>
<entry name="jre\lib\zi\Asia\Baku" shared="false" uninstallMode="3"/>
<entry name="bin\installationcomplete.bat" shared="false" uninstallMode="0"/>
<entry name="jre\lib\plugin.jar" shared="false" uninstallMode="3"/>
<entry name="licences\javamail-LICENSE.txt" shared="false" uninstallMode="0"/>
<entry name="jre\lib\zi\Asia\Krasnoyarsk" shared="false" uninstallMode="3"/>
<entry name="licences\wss4j-LICENSE.txt" shared="false" uninstallMode="0"/>
<entry name="jre\lib\zi\America\Fortaleza" shared="false" uninstallMode="3"/>
<entry name="jre\lib\security\local_policy.jar" shared="false" uninstallMode="3"/>
<entry name="jre\lib\cmm\CIEXYZ.pf" shared="false" uninstallMode="3"/>
<entry name="jre\lib\zi\America\Rio_Branco" shared="false" uninstallMode="3"/>
<entry name="jre\lib\resources.jar" shared="false" uninstallMode="3"/>
<entry name="jre\lib\zi\Asia\Almaty" shared="false" uninstallMode="3"/>
<entry name="lib\ezmorph-1.0.5.jar" shared="false" uninstallMode="0"/>
<entry name="jre\lib\zi\America\Belem" shared="false" uninstallMode="3"/>
<entry name="lib\ws-commons-util-1.0.2.jar" shared="false" uninstallMode="0"/>
<entry name="C:\ProgramData\Microsoft\Windows\Start Menu\Programs\SmartBear\SoapUI 5.3.0\SoapUI-5.3.0.lnk" shared="false" uninstallMode="2"/>
<entry name="SoapUI-Tutorials\popular-apis\Facebook-soapui-project.xml" shared="false" uninstallMode="0"/>
<entry name="jre\lib\zi\Asia\Dili" shared="false" uninstallMode="3"/>
<entry name="jre\lib\zi\Pacific\Wake" shared="false" uninstallMode="3"/>
<entry name="jre\lib\zi\America\Maceio" shared="false" uninstallMode="3"/>
<entry name=".install4j\response.varfile" shared="false" uninstallMode="0"/>
<entry name="lib\reflections-0.9.9-RC1.jar" shared="false" uninstallMode="0"/>
<entry name="jre\lib\zi\America\Santo_Domingo" shared="false" uninstallMode="3"/>
<entry name="jre\lib\zi\Asia\Aqtau" shared="false" uninstallMode="3"/>
<entry name="jre\bin\JavaAccessBridge-32.dll" shared="false" uninstallMode="3"/>
<entry name="lib\commons-codec-1.3.jar" shared="false" uninstallMode="0"/>
<entry name="jre\lib\zi\Antarctica\Casey" shared="false" uninstallMode="3"/>
<entry name="jre\lib\zi\America\Tegucigalpa" shared="false" uninstallMode="3"/>
<entry name="jre\lib\zi\America\Araguaina" shared="false" uninstallMode="3"/>
<entry name="jre\bin\t2k.dll" shared="false" uninstallMode="3"/>
<entry name="SoapUI-Tutorials\Sample-Authentication-Project-soapui-project.xml" shared="false" uninstallMode="0"/>
<entry name="wsi-test-tools\monitor.sh" shared="false" uninstallMode="0"/>
<entry name="jre\bin\jaas_nt.dll" shared="false" uninstallMode="3"/>
<entry name="jre\THIRDPARTYLICENSEREADME-JAVAFX.txt" shared="false" uninstallMode="3"/>
<entry name="jre\lib\jfr\default.jfc" shared="false" uninstallMode="3"/>
<entry name="jre\bin\jp2native.dll" shared="false" uninstallMode="3"/>
<entry name="jre\lib\zi\Europe\Rome" shared="false" uninstallMode="3"/>
<entry name="jre\lib\zi\Indian\Reunion" shared="false" uninstallMode="3"/>
<entry name="jre\lib\psfont.properties.ja" shared="false" uninstallMode="3"/>
<entry name="jre\bin\JdbcOdbc.dll" shared="false" uninstallMode="3"/>
<entry name="jre\lib\ext\zipfs.jar" shared="false" uninstallMode="3"/>
<entry name="jre\lib\jce.jar" shared="false" uninstallMode="3"/>
<entry name="jre\bin\jpinscp.dll" shared="false" uninstallMode="3"/>
<entry name="jre\lib\zi\Europe\Vilnius" shared="false" uninstallMode="3"/>
<entry name="jre\lib\zi\SystemV\MST7MDT" shared="false" uninstallMode="3"/>
<entry name="jre\lib\zi\America\Argentina\Ushuaia" shared="false" uninstallMode="3"/>
<entry name="wsi-test-tools\profiles\BasicSecurityProfile-1.1-TAD.xml" shared="false" uninstallMode="0"/>
<entry name="jre\lib\zi\Asia\Hebron" shared="false" uninstallMode="3"/>
<entry name="jre\lib\zi\Asia\Brunei" shared="false" uninstallMode="3"/>
<entry name="jre\lib\zi\America\Inuvik" shared="false" uninstallMode="3"/>
<entry name="jre\lib\zi\Asia\Kolkata" shared="false" uninstallMode="3"/>
<entry name="jre\lib\zi\America\Guayaquil" shared="false" uninstallMode="3"/>
<entry name="wsi-test-tools\xsl\assertionsBigFont.xsl" shared="false" uninstallMode="0"/>
<entry name="jre\lib\zi\Asia\Dushanbe" shared="false" uninstallMode="3"/>
<entry name="jre\lib\zi\Etc\GMT" shared="false" uninstallMode="3"/>
<entry name="jre\bin\java-rmi.exe" shared="false" uninstallMode="3"/>
<entry name="lib\not-yet-commons-ssl-0.3.11.jar" shared="false" uninstallMode="0"/>
<entry name="jre\lib\zi\Africa\Casablanca" shared="false" uninstallMode="3"/>
<entry name="tempHermes\hermes-installer-1.14.jar" shared="false" uninstallMode="0"/>
<entry name="lib\google-http-client-1.21.0.jar" shared="false" uninstallMode="0"/>
<entry name="jre\bin\rmiregistry.exe" shared="false" uninstallMode="3"/>
<entry name="jre\lib\zi\America\Dawson_Creek" shared="false" uninstallMode="3"/>
<entry name="jre\lib\zi\Asia\Tokyo" shared="false" uninstallMode="3"/>
<entry name="jre\lib\zi\Australia\Perth" shared="false" uninstallMode="3"/>
<entry name="jre\bin\java.exe" shared="false" uninstallMode="3"/>
<entry name="bin\securitytestrunner.bat" shared="false" uninstallMode="0"/>
<entry name="jre\bin\nio.dll" shared="false" uninstallMode="3"/>
<entry name="jre\bin\libxml2.dll" shared="false" uninstallMode="3"/>
<entry name="jre\lib\zi\Pacific\Pohnpei" shared="false" uninstallMode="3"/>
<entry name="jre\lib\zi\America\Lima" shared="false" uninstallMode="3"/>
<entry name="jre\lib\zi\Africa\Porto-Novo" shared="false" uninstallMode="3"/>
<entry name="jre\lib\zi\Pacific\Norfolk" shared="false" uninstallMode="3"/>
<entry name="jre\lib\psfontj2d.properties" shared="false" uninstallMode="3"/>
<entry name="jre\lib\zi\SystemV\HST10" shared="false" uninstallMode="3"/>
<entry name="licences\not-yet-commons-ssl-LICENSE.txt" shared="false" uninstallMode="0"/>
<entry name="jre\lib\images\cursors\win32_MoveNoDrop32x32.gif" shared="false" uninstallMode="3"/>
<entry name="jre\lib\rt.jar" shared="false" uninstallMode="3"/>
<entry name="SoapUI-Tutorials\popular-apis\Twitter-soapui-project.xml" shared="false" uninstallMode="0"/>
<entry name="jre\lib\zi\Indian\Cocos" shared="false" uninstallMode="3"/>
<entry name="jre\lib\zi\America\Moncton" shared="false" uninstallMode="3"/>
<entry name="jre\lib\zi\America\Curacao" shared="false" uninstallMode="3"/>
<entry name="jre\lib\zi\Asia\Muscat" shared="false" uninstallMode="3"/>
<entry name="SoapUI-Tutorials\popular-apis\Amazon-soapui-project.xml" shared="false" uninstallMode="0"/>
<entry name="lib\flex-messaging-core-1.0.jar" shared="false" uninstallMode="0"/>
<entry name="jre\lib\zi\America\Scoresbysund" shared="false" uninstallMode="3"/>
<entry name=".install4j\user.jar" shared="false" uninstallMode="2"/>
<entry name="jre\lib\cmm\sRGB.pf" shared="false" uninstallMode="3"/>
<entry name="jre\lib\zi\Pacific\Marquesas" shared="false" uninstallMode="3"/>
<entry name="jre\lib\zi\America\Paramaribo" shared="false" uninstallMode="3"/>
<entry name="jre\bin\jli.dll" shared="false" uninstallMode="3"/>
<entry name="jre\lib\zi\Europe\Prague" shared="false" uninstallMode="3"/>
<entry name="licences\jtidy-LICENSE.txt" shared="false" uninstallMode="0"/>
<entry name="jre\bin\ssv.dll" shared="false" uninstallMode="3"/>
<entry name="jre\lib\zi\America\Dawson" shared="false" uninstallMode="3"/>
<entry name="jre\lib\fonts\LucidaBrightRegular.ttf" shared="false" uninstallMode="3"/>
<entry name="jre\lib\meta-index" shared="false" uninstallMode="3"/>
<entry name="wsi-test-tools\profiles\BasicSecurityProfile-1.0-TAD.xml" shared="false" uninstallMode="0"/>
<entry name="jre\lib\zi\Africa\Nairobi" shared="false" uninstallMode="3"/>
<entry name="jre\lib\ext\dnsns.jar" shared="false" uninstallMode="3"/>
<entry name="lib\nekohtml-1.9.14.jar" shared="false" uninstallMode="0"/>
<entry name="jre\lib\zi\Pacific\Saipan" shared="false" uninstallMode="3"/>
<entry name=".install4j\install.prop" shared="false" uninstallMode="0"/>
<entry name=".install4j\i4j_extf_4_hs6ad0.txt" shared="false" uninstallMode="2"/>
<entry name="jre\lib\zi\Asia\Nicosia" shared="false" uninstallMode="3"/>
<entry name="jre\lib\zi\Europe\Lisbon" shared="false" uninstallMode="3"/>
<entry name="lib\saxon-9.1.0.8j.jar" shared="false" uninstallMode="0"/>
<entry name="jre\lib\zi\Europe\Kiev" shared="false" uninstallMode="3"/>
<entry name="bin\soapui-errors.log" shared="false" uninstallMode="0"/>
<entry name="jre\lib\zi\Pacific\Guam" shared="false" uninstallMode="3"/>
<entry name="jre\lib\zi\Europe\Luxembourg" shared="false" uninstallMode="3"/>
<entry name="lib\xmltooling-1.3.2-1.jar" shared="false" uninstallMode="0"/>
<entry name="jre\bin\jdwp.dll" shared="false" uninstallMode="3"/>
<entry name="jre\lib\zi\America\Martinique" shared="false" uninstallMode="3"/>
<entry name="licences\forms-LICENSE.txt" shared="false" uninstallMode="0"/>
<entry name="jre\lib\zi\Asia\Makassar" shared="false" uninstallMode="3"/>
<entry name="wsi-test-tools\monitor-config-bsp11.xml" shared="false" uninstallMode="0"/>
<entry name="jre\lib\zi\Indian\Kerguelen" shared="false" uninstallMode="3"/>
<entry name="lib\joda-time-1.6.2.jar" shared="false" uninstallMode="0"/>
<entry name="wsi-test-tools\report-bsp11.xml" shared="false" uninstallMode="0"/>
<entry name="jre\bin\net.dll" shared="false" uninstallMode="3"/>
<entry name="jre\lib\images\cursors\win32_CopyDrop32x32.gif" shared="false" uninstallMode="3"/>
<entry name="jre\bin\fxplugins.dll" shared="false" uninstallMode="3"/>
<entry name="wsi-test-tools\lib\org.wsi.test.validator.bsp11.jar" shared="false" uninstallMode="0"/>
<entry name="jre\bin\j2pkcs11.dll" shared="false" uninstallMode="3"/>
<entry name="jre\lib\security\cacerts" shared="false" uninstallMode="3"/>
<entry name="jre\lib\zi\PST8PDT" shared="false" uninstallMode="3"/>
<entry name="bin\SoapUI-Spashscreen.png" shared="false" uninstallMode="0"/>
<entry name="jre\lib\logging.properties" shared="false" uninstallMode="3"/>
<entry name="jre\lib\fonts\LucidaTypewriterBold.ttf" shared="false" uninstallMode="3"/>
<entry name="jre\bin\axbridge.dll" shared="false" uninstallMode="3"/>
<entry name="jre\lib\zi\America\Whitehorse" shared="false" uninstallMode="3"/>
<entry name="jre\lib\zi\Asia\Hovd" shared="false" uninstallMode="3"/>
<entry name="lib\opensaml-2.5.1-1.jar" shared="false" uninstallMode="0"/>
<entry name="jre\lib\zi\America\Antigua" shared="false" uninstallMode="3"/>
<entry name="jre\lib\zi\Pacific\Kosrae" shared="false" uninstallMode="3"/>
<entry name="wsi-test-tools\xsl\reportBigFont.xsl" shared="false" uninstallMode="0"/>
<entry name="jre\lib\zi\Asia\Qatar" shared="false" uninstallMode="3"/>
<entry name="jre\lib\zi\America\Glace_Bay" shared="false" uninstallMode="3"/>
<entry name="jre\lib\zi\Europe\Istanbul" shared="false" uninstallMode="3"/>
<entry name="jre\lib\zi\Pacific\Palau" shared="false" uninstallMode="3"/>
<entry name="jre\lib\zi\Europe\Riga" shared="false" uninstallMode="3"/>
<entry name="jre\lib\fontconfig.properties.src" shared="false" uninstallMode="3"/>
<entry name="jre\lib\zi\America\Edmonton" shared="false" uninstallMode="3"/>
<entry name="jre\bin\javaw.exe" shared="false" uninstallMode="3"/>
<entry name="jre\lib\zi\Asia\Magadan" shared="false" uninstallMode="3"/>
<entry name="jre\lib\zi\CST6CDT" shared="false" uninstallMode="3"/>
<entry name="jre\lib\zi\Indian\Mayotte" shared="false" uninstallMode="3"/>
<entry name="bin\toolrunner.bat" shared="false" uninstallMode="0"/>
<entry name="licences\json-lib-LICENSE.txt" shared="false" uninstallMode="0"/>
<entry name="jre\lib\zi\America\El_Salvador" shared="false" uninstallMode="3"/>
<entry name="jre\lib\zi\America\Santarem" shared="false" uninstallMode="3"/>
<entry name="jre\lib\zi\Asia\Macau" shared="false" uninstallMode="3"/>
<entry name="jre\lib\zi\America\Panama" shared="false" uninstallMode="3"/>
<entry name="jre\lib\zi\SystemV\YST9" shared="false" uninstallMode="3"/>
<entry name="jre\bin\jpicom.dll" shared="false" uninstallMode="3"/>
<entry name="jre\bin\jpeg.dll" shared="false" uninstallMode="3"/>
<entry name="jre\lib\zi\America\Cancun" shared="false" uninstallMode="3"/>
<entry name="jre\lib\zi\America\Guyana" shared="false" uninstallMode="3"/>
<entry name="jre\lib\zi\Europe\Copenhagen" shared="false" uninstallMode="3"/>
<entry name="jre\lib\zi\America\Boise" shared="false" uninstallMode="3"/>
<entry name="licences\xom-LICENSE.txt" shared="false" uninstallMode="0"/>
<entry name="C:\Users\AnkitaW\SoapUI-Tutorials\Sample-Authentication-Project-soapui-project.xml" shared="false" uninstallMode="0"/>
<entry name="jre\lib\javafx.properties" shared="false" uninstallMode="3"/>
<entry name="lib\htmlunit-core-js-2.7.jar" shared="false" uninstallMode="0"/>
<entry name="licences\commons-collections-LICENSE.txt" shared="false" uninstallMode="0"/>
<entry name="C:\Users\AnkitaW\SoapUI-Tutorials\popular-apis\Flickr-soapui-project.xml" shared="false" uninstallMode="0"/>
<entry name="jre\lib\zi\Africa\Kampala" shared="false" uninstallMode="3"/>
<entry name="bin\uninstallactiontrack.bat" shared="false" uninstallMode="0"/>
<entry name="wsi-test-tools\lib\org.wsi.test.validator.bsp10.jar" shared="false" uninstallMode="0"/>
<entry name="jre\bin\ssvagent.exe" shared="false" uninstallMode="3"/>
<entry name="jre\lib\zi\Asia\Oral" shared="false" uninstallMode="3"/>
<entry name="lib\openws-1.4.2-1.jar" shared="false" uninstallMode="0"/>
<entry name="uninstall.exe" shared="false" uninstallMode="0"/>
<entry name="lib\org.apache.oltu.oauth2.httpclient4-0.31.jar" shared="false" uninstallMode="0"/>
<entry name="jre\lib\jfr\profile.jfc" shared="false" uninstallMode="3"/>
<entry name="jre\lib\zi\Atlantic\Reykjavik" shared="false" uninstallMode="3"/>
<entry name="jre\lib\zi\Europe\Sofia" shared="false" uninstallMode="3"/>
<entry name="jre\lib\zi\Europe\Stockholm" shared="false" uninstallMode="3"/>
<entry name="wsi-test-tools\xsl\report.xsl" shared="false" uninstallMode="0"/>
<entry name="jre\lib\zi\Africa\Harare" shared="false" uninstallMode="3"/>
<entry name="jre\lib\zi\Etc\UTC" shared="false" uninstallMode="3"/>
<entry name="jre\lib\zi\Europe\London" shared="false" uninstallMode="3"/>
<entry name="jre\lib\zi\Asia\Beirut" shared="false" uninstallMode="3"/>
<entry name="jre\lib\zi\Antarctica\Davis" shared="false" uninstallMode="3"/>
<entry name="licences\xstream-LICENSE.txt" shared="false" uninstallMode="0"/>
<entry name="jre\lib\zi\America\Matamoros" shared="false" uninstallMode="3"/>
<entry name="lib\servlet-api-2.5-20081211.jar" shared="false" uninstallMode="0"/>
<entry name="jre\lib\zi\Europe\Andorra" shared="false" uninstallMode="3"/>
<entry name="jre\lib\zi\Atlantic\St_Helena" shared="false" uninstallMode="3"/>
<entry name="jre\lib\zi\Africa\Accra" shared="false" uninstallMode="3"/>
<entry name="lib\jetty-util-6.1.26.jar" shared="false" uninstallMode="0"/>
<entry name="jre\lib\zi\Asia\Vladivostok" shared="false" uninstallMode="3"/>
<entry name="jre\lib\zi\America\Swift_Current" shared="false" uninstallMode="3"/>
<entry name="jre\lib\zi\Indian\Comoro" shared="false" uninstallMode="3"/>
<entry name="jre\THIRDPARTYLICENSEREADME.txt" shared="false" uninstallMode="3"/>
<entry name="jre\bin\jfr.dll" shared="false" uninstallMode="3"/>
<entry name="jre\lib\zi\Africa\Addis_Ababa" shared="false" uninstallMode="3"/>
<entry name="jre\lib\zi\MST" shared="false" uninstallMode="3"/>
<entry name="jre\lib\zi\Atlantic\Azores" shared="false" uninstallMode="3"/>
<entry name="licences\xmlbeans-LICENSE.txt" shared="false" uninstallMode="0"/>
<entry name="jre\lib\zi\America\Adak" shared="false" uninstallMode="3"/>
<entry name="jre\lib\zi\Africa\Windhoek" shared="false" uninstallMode="3"/>
<entry name="jre\lib\zi\WET" shared="false" uninstallMode="3"/>
<entry name="licences\commons-io-LICENSE.txt" shared="false" uninstallMode="0"/>
<entry name="wsi-test-tools\lib\monitor.jar" shared="false" uninstallMode="0"/>
<entry name="jre\lib\zi\Europe\Paris" shared="false" uninstallMode="3"/>
<entry name="jre\lib\zi\Australia\Darwin" shared="false" uninstallMode="3"/>
<entry name="lib\l2fprod-common-fontchooser-7.3.jar" shared="false" uninstallMode="0"/>
<entry name="jre\lib\security\blacklist" shared="false" uninstallMode="3"/>
<entry name="jre\lib\zi\Australia\Lindeman" shared="false" uninstallMode="3"/>
<entry name="lib\jms-1.1.jar" shared="false" uninstallMode="0"/>
<entry name="jre\lib\zi\Europe\Amsterdam" shared="false" uninstallMode="3"/>
<entry name="jre\bin\java_crw_demo.dll" shared="false" uninstallMode="3"/>
<entry name="jre\lib\zi\Antarctica\Palmer" shared="false" uninstallMode="3"/>
<entry name="jre\lib\zi\SystemV\EST5EDT" shared="false" uninstallMode="3"/>
<entry name="jre\lib\zi\America\Cuiaba" shared="false" uninstallMode="3"/>
<entry name="jre\lib\zi\Africa\Conakry" shared="false" uninstallMode="3"/>
<entry name=".install4j\MessagesDefault" shared="false" uninstallMode="2"/>
<entry name="jre\lib\zi\America\Winnipeg" shared="false" uninstallMode="3"/>
<entry name="jre\lib\ext\sunec.jar" shared="false" uninstallMode="3"/>
<entry name="jre\bin\instrument.dll" shared="false" uninstallMode="3"/>
<entry name="jre\bin\jsound.dll" shared="false" uninstallMode="3"/>
<entry name="jre\lib\images\cursors\win32_LinkNoDrop32x32.gif" shared="false" uninstallMode="3"/>
<entry name=".install4j\installation.log" shared="false" uninstallMode="0"/>
<entry name="wsi-test-tools\monitor.bat" shared="false" uninstallMode="0"/>
<entry name="jre\lib\zi\America\Cayman" shared="false" uninstallMode="3"/>
<entry name="C:\Users\AnkitaW\SoapUI-Tutorials\popular-apis\Amazon-soapui-project.xml" shared="false" uninstallMode="0"/>
<entry name="jre\lib\zi\Pacific\Fiji" shared="false" uninstallMode="3"/>
<entry name="jre\lib\zi\Pacific\Tarawa" shared="false" uninstallMode="3"/>
<entry name="jre\lib\zi\America\Iqaluit" shared="false" uninstallMode="3"/>
<entry name="jre\lib\zi\Asia\Novokuznetsk" shared="false" uninstallMode="3"/>
<entry name="lib\flex-messaging-proxy-1.0.jar" shared="false" uninstallMode="0"/>
<entry name="lib\commons-collections-3.2.1.jar" shared="false" uninstallMode="0"/>
<entry name="jre\lib\zi\America\La_Paz" shared="false" uninstallMode="3"/>
<entry name="jre\lib\zi\Atlantic\Bermuda" shared="false" uninstallMode="3"/>
<entry name="jre\lib\zi\Antarctica\Syowa" shared="false" uninstallMode="3"/>
<entry name="lib\xmlunit-1.2.jar" shared="false" uninstallMode="0"/>
<entry name="jre\lib\deploy\messages_sv.properties" shared="false" uninstallMode="3"/>
<entry name="jre\lib\zi\Pacific\Rarotonga" shared="false" uninstallMode="3"/>
<entry name="jre\lib\net.properties" shared="false" uninstallMode="3"/>
<entry name="C:\Users\AnkitaW\SoapUI-Tutorials\popular-apis\Google-Maps-soapui-project.xml" shared="false" uninstallMode="0"/>
<entry name="jre\lib\zi\Asia\Tashkent" shared="false" uninstallMode="3"/>
<entry name="jre\bin\glib-lite.dll" shared="false" uninstallMode="3"/>
<entry name="C:\Users\AnkitaW\SoapUI-Tutorials\popular-apis\YouTube-soapui-project.xml" shared="false" uninstallMode="0"/>
<entry name="jre\lib\zi\America\Toronto" shared="false" uninstallMode="3"/>
<entry name="jre\lib\zi\SystemV\CST6CDT" shared="false" uninstallMode="3"/>
<entry name="jre\lib\zi\America\Merida" shared="false" uninstallMode="3"/>
<entry name="jre\lib\jsse.jar" shared="false" uninstallMode="3"/>
<entry name="jre\lib\sound.properties" shared="false" uninstallMode="3"/>
<entry name="jre\lib\zi\Africa\Gaborone" shared="false" uninstallMode="3"/>
<entry name=".install4j\i4j_extf_10_hs6ad0_1qp61c0.png" shared="false" uninstallMode="2"/>
<entry name="jre\lib\security\trusted.libraries" shared="false" uninstallMode="3"/>
<entry name="jre\lib\zi\Pacific\Midway" shared="false" uninstallMode="3"/>
</createdFiles>
<createdDirs>
<entry name="C:\Users\AnkitaW\SoapUI-Tutorials\WSDL-WADL" shared="false" uninstallMode="0"/>
<entry name="C:\Users\AnkitaW\SoapUI-Tutorials\popular-apis" shared="false" uninstallMode="0"/>
<entry name="C:\Users\AnkitaW\SoapUI-Tutorials" shared="false" uninstallMode="0"/>
<entry name="wsi-test-tools\xsl" shared="false" uninstallMode="0"/>
<entry name="wsi-test-tools\profiles" shared="false" uninstallMode="0"/>
<entry name="wsi-test-tools\lib" shared="false" uninstallMode="0"/>
<entry name="wsi-test-tools" shared="false" uninstallMode="0"/>
<entry name="tempHermes" shared="false" uninstallMode="0"/>
<entry name="SoapUI-Tutorials\WSDL-WADL" shared="false" uninstallMode="0"/>
<entry name="SoapUI-Tutorials\popular-apis" shared="false" uninstallMode="0"/>
<entry name="SoapUI-Tutorials" shared="false" uninstallMode="0"/>
<entry name="licences" shared="false" uninstallMode="0"/>
<entry name="lib" shared="false" uninstallMode="0"/>
<entry name="jre\lib\zi\SystemV" shared="false" uninstallMode="3"/>
<entry name="jre\lib\zi\Pacific" shared="false" uninstallMode="3"/>
<entry name="jre\lib\zi\Indian" shared="false" uninstallMode="3"/>
<entry name="jre\lib\zi\Europe" shared="false" uninstallMode="3"/>
<entry name="jre\lib\zi\Etc" shared="false" uninstallMode="3"/>
<entry name="jre\lib\zi\Australia" shared="false" uninstallMode="3"/>
<entry name="jre\lib\zi\Atlantic" shared="false" uninstallMode="3"/>
<entry name="jre\lib\zi\Asia" shared="false" uninstallMode="3"/>
<entry name="jre\lib\zi\Antarctica" shared="false" uninstallMode="3"/>
<entry name="jre\lib\zi\America\North_Dakota" shared="false" uninstallMode="3"/>
<entry name="jre\lib\zi\America\Kentucky" shared="false" uninstallMode="3"/>
<entry name="jre\lib\zi\America\Indiana" shared="false" uninstallMode="3"/>
<entry name="jre\lib\zi\America\Argentina" shared="false" uninstallMode="3"/>
<entry name="jre\lib\zi\America" shared="false" uninstallMode="3"/>
<entry name="jre\lib\zi\Africa" shared="false" uninstallMode="3"/>
<entry name="jre\lib\zi" shared="false" uninstallMode="3"/>
<entry name="jre\lib\security" shared="false" uninstallMode="3"/>
<entry name="jre\lib\management" shared="false" uninstallMode="3"/>
<entry name="jre\lib\jfr" shared="false" uninstallMode="3"/>
<entry name="jre\lib\images\cursors" shared="false" uninstallMode="3"/>
<entry name="jre\lib\images" shared="false" uninstallMode="3"/>
<entry name="jre\lib\i386" shared="false" uninstallMode="3"/>
<entry name="jre\lib\fonts" shared="false" uninstallMode="3"/>
<entry name="jre\lib\ext" shared="false" uninstallMode="3"/>
<entry name="jre\lib\deploy\jqs" shared="false" uninstallMode="3"/>
<entry name="jre\lib\deploy" shared="false" uninstallMode="3"/>
<entry name="jre\lib\cmm" shared="false" uninstallMode="3"/>
<entry name="jre\lib\applet" shared="false" uninstallMode="3"/>
<entry name="jre\lib" shared="false" uninstallMode="3"/>
<entry name="jre\bin\client" shared="false" uninstallMode="3"/>
<entry name="jre\bin" shared="false" uninstallMode="3"/>
<entry name="jre" shared="false" uninstallMode="3"/>
<entry name="bin\listeners" shared="false" uninstallMode="0"/>
<entry name="bin\ext" shared="false" uninstallMode="0"/>
<entry name="bin\actions" shared="false" uninstallMode="0"/>
<entry name="bin" shared="false" uninstallMode="0"/>
<entry name=".JxBrowser" shared="false" uninstallMode="0"/>
<entry name=".install4j" shared="false" uninstallMode="0"/>
<entry name="." shared="false" uninstallMode="0"/>
<entry name="C:\Users\AnkitaW\.soapuios\plugins" shared="false" uninstallMode="0"/>
<entry name="C:\Users\AnkitaW\.soapuios" shared="false" uninstallMode="0"/>
<entry name="C:\ProgramData\Microsoft\Windows\Start Menu\Programs\SmartBear\SoapUI 5.3.0" shared="false" uninstallMode="0"/>
<entry name="C:\ProgramData\Microsoft\Windows\Start Menu\Programs\SmartBear" shared="false" uninstallMode="0"/>
</createdDirs>
</fileLog>
